<?xml version="1.0" encoding="UTF-8"?>
<!-- Generated by org.testng.reporters.JUnitReportReporter -->
<testsuite skipped="0" hostname="Win10VRT-Manoj3" name="com.vrt.testcases.LoginTest" tests="1" failures="0" timestamp="2020-09-25T17:22:23 IST" time="58.065" errors="0">
  <testcase name="LOGIN_001" time="58.065" classname="com.vrt.testcases.LoginTest"/>
  <system-out/>
</testsuite> <!-- com.vrt.testcases.LoginTest -->
