<?xml version="1.0" encoding="UTF-8"?>
<!-- Generated by org.testng.reporters.JUnitReportReporter -->
<testsuite skipped="0" hostname="Win10VRT-Manoj3" name="com.vrt.testcases.FirstUserCreation" tests="1" failures="0" timestamp="2020-09-26T02:47:22 IST" time="10.168" errors="0">
  <testcase name="LOGIN_001" time="10.168" classname="com.vrt.testcases.FirstUserCreation"/>
  <system-out/>
</testsuite> <!-- com.vrt.testcases.FirstUserCreation -->
